[16:53:10] [ServerMain/INFO]: [bootstrap] Running Java 21 (OpenJDK 64-Bit Server VM 21.0.6+7-Ubuntu-120.04.1; Ubuntu null) on Linux 6.8.0-1021-azure (amd64)
[16:53:10] [ServerMain/INFO]: [bootstrap] Loading Paper 1.21.1-57-master@b483da4 (2024-09-01T18:09:05Z) for Minecraft 1.21.1
[16:53:11] [ServerMain/INFO]: [PluginInitializerManager] Initializing plugins...
[16:53:11] [ServerMain/INFO]: [PluginInitializerManager] Initialized 0 plugins
[16:53:12] [Paper Plugin Remapper Thread - 0/INFO]: [ReobfServer] Remapping server...
[16:53:17] [ServerMain/INFO]: Environment: Environment[sessionHost=https://sessionserver.mojang.com, servicesHost=https://api.minecraftservices.com, name=PROD]
[16:53:17] [ServerMain/INFO]: Found new data pack file/bukkit, loading it automatically
[16:53:17] [ServerMain/INFO]: Found new data pack paper, loading it automatically
[16:53:19] [ServerMain/INFO]: No existing world data, creating new world
[16:53:20] [ServerMain/INFO]: Loaded 1290 recipes
[16:53:20] [ServerMain/INFO]: Loaded 1399 advancements
[16:53:21] [Server thread/INFO]: Starting minecraft server version 1.21.1
[16:53:21] [Server thread/INFO]: Loading properties
[16:53:21] [Server thread/INFO]: This server is running Paper version 1.21.1-57-master@b483da4 (2024-09-01T18:09:05Z) (Implementing API version 1.21.1-R0.1-SNAPSHOT)
[16:53:21] [Paper Plugin Remapper Thread - 0/INFO]: [ReobfServer] Done remapping server in 9215ms.
[16:53:21] [Server thread/INFO]: [spark] This server bundles the spark profiler. For more information please visit https://docs.papermc.io/paper/profiling
[16:53:22] [Server thread/INFO]: Server Ping Player Sample Count: 12
[16:53:22] [Server thread/INFO]: Using 4 threads for Netty based IO
[16:53:22] [Server thread/INFO]: [ChunkTaskScheduler] Chunk system is using 1 I/O threads, 1 worker threads, and population gen parallelism of 1 threads
[16:53:22] [Server thread/INFO]: Default game type: SURVIVAL
[16:53:22] [Server thread/INFO]: Generating keypair
[16:53:23] [Server thread/INFO]: Starting Minecraft server on *:25565
[16:53:23] [Server thread/INFO]: Using epoll channel type
[16:53:23] [Server thread/INFO]: Paper: Using libdeflate (Linux x86_64) compression from Velocity.
[16:53:23] [Server thread/INFO]: Paper: Using OpenSSL 1.1.x (Linux x86_64) cipher from Velocity.
[16:53:23] [Server thread/WARN]: **** SERVER IS RUNNING IN OFFLINE/INSECURE MODE!
[16:53:23] [Server thread/WARN]: The server will make no attempt to authenticate usernames. Beware.
[16:53:23] [Server thread/WARN]: While this makes the game possible to play without internet access, it also opens up the ability for hackers to connect with any username they choose.
[16:53:23] [Server thread/WARN]: To change this, set "online-mode" to "true" in the server.properties file.
[16:53:23] [Server thread/INFO]: Preparing level "world"
[16:53:36] [Server thread/INFO]: Preparing start region for dimension minecraft:overworld
[16:53:42] [Server thread/INFO]: Time elapsed: 5697 ms
[16:53:42] [Server thread/INFO]: Preparing start region for dimension minecraft:the_nether
[16:53:44] [Server thread/INFO]: Time elapsed: 1814 ms
[16:53:44] [Server thread/INFO]: Preparing start region for dimension minecraft:the_end
[16:53:44] [Server thread/INFO]: Time elapsed: 483 ms
[16:53:44] [Server thread/INFO]: [spark] Starting background profiler...
[16:53:44] [Server thread/INFO]: Done preparing level "world" (21.679s)
[16:53:44] [Server thread/INFO]: Running delayed init tasks
[16:53:44] [Server thread/INFO]: Done (34.673s)! For help, type "help"
[16:53:44] [Server thread/INFO]: *************************************************************************************
[16:53:44] [Server thread/INFO]: This is the first time you're starting this server.
[16:53:44] [Server thread/INFO]: It's recommended you read our 'Getting Started' documentation for guidance.
[16:53:44] [Server thread/INFO]: View this and more helpful information here: https://docs.papermc.io/paper/next-steps
[16:53:44] [Server thread/INFO]: *************************************************************************************
[16:53:44] [Server thread/INFO]: Timings Reset
[16:56:07] [Server thread/INFO]: Stopping server
[16:56:07] [Server thread/INFO]: Saving players
[16:56:07] [Server thread/INFO]: Saving worlds
[16:56:07] [Server thread/INFO]: Saving chunks for level 'ServerLevel[world]'/minecraft:overworld
[16:56:07] [Server thread/INFO]: [ChunkHolderManager] Waiting 60s for chunk system to halt for world 'world'
[16:56:07] [Server thread/INFO]: [ChunkHolderManager] Halted chunk system for world 'world'
[16:56:07] [Server thread/INFO]: [ChunkHolderManager] Saving all chunkholders for world 'world'
[16:56:08] [Server thread/INFO]: [ChunkHolderManager] Saved 841 block chunks, 49 entity chunks, 6 poi chunks in world 'world' in 1.14s
[16:56:08] [Server thread/INFO]: Saving chunks for level 'ServerLevel[world_nether]'/minecraft:the_nether
[16:56:08] [Server thread/INFO]: [ChunkHolderManager] Waiting 60s for chunk system to halt for world 'world_nether'
[16:56:08] [Server thread/INFO]: [ChunkHolderManager] Halted chunk system for world 'world_nether'
[16:56:08] [Server thread/INFO]: [ChunkHolderManager] Saving all chunkholders for world 'world_nether'
[16:56:08] [Server thread/INFO]: [ChunkHolderManager] Saved 841 block chunks, 49 entity chunks, 0 poi chunks in world 'world_nether' in 0.31s
[16:56:08] [Server thread/INFO]: Saving chunks for level 'ServerLevel[world_the_end]'/minecraft:the_end
[16:56:08] [Server thread/INFO]: [ChunkHolderManager] Waiting 60s for chunk system to halt for world 'world_the_end'
[16:56:08] [Server thread/INFO]: [ChunkHolderManager] Halted chunk system for world 'world_the_end'
[16:56:08] [Server thread/INFO]: [ChunkHolderManager] Saving all chunkholders for world 'world_the_end'
[16:56:09] [Server thread/INFO]: [ChunkHolderManager] Saved 841 block chunks, 49 entity chunks, 0 poi chunks in world 'world_the_end' in 0.25s
[16:56:09] [Server thread/INFO]: ThreadedAnvilChunkStorage (world): All chunks are saved
[16:56:09] [Server thread/INFO]: ThreadedAnvilChunkStorage (DIM-1): All chunks are saved
[16:56:09] [Server thread/INFO]: ThreadedAnvilChunkStorage (DIM1): All chunks are saved
[16:56:09] [Server thread/INFO]: ThreadedAnvilChunkStorage: All dimensions are saved
